<?xml version="1.0" encoding="UTF-8"?>
<!-- Generated by org.testng.reporters.JUnitReportReporter -->
<testsuite hostname="srinivass-mbp.lan" failures="0" tests="1" name="com.api.tests.LoginAPITest" time="2.536" errors="0" timestamp="2025-07-28T16:01:58 PDT" skipped="0">
  <testcase classname="com.api.tests.LoginAPITest" name="LoginAPITest1" time="2.536"/>
</testsuite> <!-- com.api.tests.LoginAPITest -->
