<?xml version="1.0" encoding="UTF-8"?>
<!-- Generated by org.testng.reporters.JUnitReportReporter -->
<testsuite hostname="srinivass-mbp.lan" failures="0" tests="1" name="com.api.tests.AccountCreationTest" time="2.414" errors="0" timestamp="2025-07-27T16:26:12 PDT" skipped="0">
  <testcase classname="com.api.tests.AccountCreationTest" name="createAccountTest" time="2.414"/>
</testsuite> <!-- com.api.tests.AccountCreationTest -->
